<?xml version="1.0" encoding="UTF-8"?>
<testng-results ignored="0" total="2" passed="2" failed="0" skipped="0">
  <reporter-output>
  </reporter-output>
  <suite started-at="2022-11-11T23:22:16 IST" name="Default suite" finished-at="2022-11-11T23:22:25 IST" duration-ms="9481">
    <groups>
    </groups>
    <test started-at="2022-11-11T23:22:16 IST" name="Default test" finished-at="2022-11-11T23:22:25 IST" duration-ms="9481">
      <class name="Test01_GET">
        <test-method signature="test_01()[pri:0, instance:Test01_GET@6f46426d]" started-at="2022-11-11T23:22:16 IST" name="test_01" finished-at="2022-11-11T23:22:25 IST" duration-ms="8921" status="PASS">
          <reporter-output>
          </reporter-output>
        </test-method> <!-- test_01 -->
        <test-method signature="test_02()[pri:0, instance:Test01_GET@6f46426d]" started-at="2022-11-11T23:22:25 IST" name="test_02" finished-at="2022-11-11T23:22:25 IST" duration-ms="362" status="PASS">
          <reporter-output>
          </reporter-output>
        </test-method> <!-- test_02 -->
      </class> <!-- Test01_GET -->
    </test> <!-- Default test -->
  </suite> <!-- Default suite -->
</testng-results>
